<?xml version="1.0" encoding="UTF-8"?>
<!-- Generated by org.testng.reporters.JUnitReportReporter -->
<testsuite skipped="0" hostname="DESKTOP-01THEB1" name="com.craftsvilla.testscripts.LoginScripts" tests="1" failures="0" timestamp="06 Apr 2019 15:27:30 GMT" time="184.405" errors="0">
  <testcase name="TC_01_LoginToApp" time="184.405" classname="com.craftsvilla.testscripts.LoginScripts"/>
</testsuite> <!-- com.craftsvilla.testscripts.LoginScripts -->
